Industrial Fuel Use for Energy Purposes before CCS and Methane Capture
Transportation Sector Fuel Used
Total Electricity Demand
Electricity Generation Capacity by Type Including Distributed Generation
Electricity Generation by Type Including Distributed Generation
Electricity Generation by Type
Electricity Generation Capacity
BAU Cargo Dist Transported
Output Total CO2e Emissions
Output Total CO2 Emissions
LULUCF Anthropogenic Pollutant Emissions
New Vehicles
BDEQ BAU Electricity Output from Distributed Sources
BIFUbC BAU Industrial Fuel Use before CCS
Output Energy Related CO2 Emissions by Sector
Output Energy Related CO2 Emissions from Agriculture
Output Energy Related CO2 Emissions from Waste Management
Direct Buildings Pollutant Emissions
Transportation Pollutant Emissions Disaggregated
Industrial Sector Energy Related Emissions before CCS
Electricity Sector Pollutant Emissions
BCEU BAU Components Energy Use
Output Process Emissions in CO2e by Industry
Output Total CO2e Emissions by Sector
Pollutant Emissions from Imported Electricity
Absolute Change in In Scope Emissions due to Electricity Imports
BAU Last Year Vehicles
BAU Transportation Electricity Demand by Vehicle Type
Total Energy Use by Sector
Output Distributed Solar PV Capacity
BPHC BAU Pumped Hydro Capacity
GBSC BAU Grid Battery Storage Capacity
Output Distributed Solar PV Output
Net Imports of Electricity
Curtailed Electricity Output
Imported Electricity
Exported Electricity
This Year Demand Response Capacity
BAU Buildings Sector Electricity Demand
BAU Buildings Sector Pollutant Emissions
Building Components Energy Use
Output Electricity Generation by Type
Output Electricity Generation Capacity